<?xml version="1.0" encoding="UTF-8"?>
<!-- Generated by org.testng.reporters.JUnitReportReporter -->
<testsuite skipped="0" hostname="DESKTOP-4NGUBCS" name="Browser.TestScript04_TestNG" tests="4" failures="0" timestamp="30 Aug 2019 17:09:08 GMT" time="31.061" errors="0">
  <testcase name="testcase4" time="7.363" classname="Browser.TestScript04_TestNG"/>
  <testcase name="testcase4" time="8.136" classname="Browser.TestScript04_TestNG"/>
  <testcase name="testcase4" time="10.404" classname="Browser.TestScript04_TestNG"/>
  <testcase name="testcase4" time="5.158" classname="Browser.TestScript04_TestNG"/>
</testsuite> <!-- Browser.TestScript04_TestNG -->
