<?xml version="1.0" encoding="UTF-8"?>
<!-- Generated by org.testng.reporters.JUnitReportReporter -->
<testsuite skipped="0" hostname="DESKTOP-4NGUBCS" name="Browser.TestScript06" tests="4" failures="0" timestamp="30 Aug 2019 20:02:57 GMT" time="25.072" errors="0">
  <testcase name="test05" time="4.788" classname="Browser.TestScript06"/>
  <testcase name="test05" time="5.043" classname="Browser.TestScript06"/>
  <testcase name="test05" time="8.173" classname="Browser.TestScript06"/>
  <testcase name="test05" time="7.068" classname="Browser.TestScript06"/>
</testsuite> <!-- Browser.TestScript06 -->
