<?xml version="1.0" encoding="UTF-8"?>
<!-- Generated by org.testng.reporters.JUnitReportReporter -->
<testsuite skipped="0" hostname="DESKTOP-4NGUBCS" name="Browser.TestScript05" tests="4" failures="0" timestamp="30 Aug 2019 19:33:35 GMT" time="30.181" errors="0">
  <testcase name="test05" time="8.332" classname="Browser.TestScript05"/>
  <testcase name="test05" time="7.049" classname="Browser.TestScript05"/>
  <testcase name="test05" time="8.425" classname="Browser.TestScript05"/>
  <testcase name="test05" time="6.375" classname="Browser.TestScript05"/>
</testsuite> <!-- Browser.TestScript05 -->
